<?xml version="1.0" encoding="UTF-8"?>
<!-- Generated by org.testng.reporters.JUnitReportReporter -->
<testsuite hostname="DESKTOP-21MIBC9" failures="0" tests="3" name="Ecommerce.Facebook.AlterTestfb" time="41.039" errors="0" timestamp="2023-09-11T13:22:00 IST" skipped="0">
  <testcase classname="Ecommerce.Facebook.AlterTestfb" name="browser" time="22.800"/>
  <system-out/>
  <testcase classname="Ecommerce.Facebook.AlterTestfb" name="browser" time="15.715"/>
  <system-out/>
  <testcase classname="Ecommerce.Facebook.AlterTestfb" name="New_User" time="2.524"/>
  <system-out/>
</testsuite> <!-- Ecommerce.Facebook.AlterTestfb -->
