<?xml version="1.0" encoding="UTF-8"?>
<!-- Generated by org.testng.reporters.JUnitReportReporter -->
<testsuite hostname="DESKTOP-21MIBC9" failures="0" tests="1" name="TestNG_Functions.NewTest" time="0.345" errors="0" timestamp="2023-09-05T14:53:43 IST" skipped="0">
  <testcase classname="TestNG_Functions.NewTest" name="f" time="0.345"/>
  <system-out/>
</testsuite> <!-- TestNG_Functions.NewTest -->
